  [1m[36mSQL (1.0ms)[0m  [1m SELECT name
 FROM sqlite_master
 WHERE type = 'table' AND NOT name = 'sqlite_sequence'
[0m
  [1m[35mSQL (27.0ms)[0m  select sqlite_version(*)
  [1m[36mSQL (108.0ms)[0m  [1mCREATE TABLE "schema_migrations" ("version" varchar(255) NOT NULL) [0m
  [1m[35mSQL (0.0ms)[0m  PRAGMA index_list("schema_migrations")
  [1m[36mSQL (78.0ms)[0m  [1mCREATE UNIQUE INDEX "unique_schema_migrations" ON "schema_migrations" ("version")[0m
  [1m[35mSQL (0.0ms)[0m   SELECT name
 FROM sqlite_master
 WHERE type = 'table' AND NOT name = 'sqlite_sequence'
  [1m[36mSQL (0.0ms)[0m  [1m SELECT name
 FROM sqlite_master
 WHERE type = 'table' AND NOT name = 'sqlite_sequence'
[0m
  [1m[35mSQL (0.0ms)[0m  SELECT "schema_migrations"."version" FROM "schema_migrations"
Migrating to CreateTrucks (20110213212020)
  [1m[36mSQL (1.0ms)[0m  [1mCREATE TABLE "trucks" ("id" INTEGER PRIMARY KEY AUTOINCREMENT NOT NULL, "name" varchar(255), "site_url" varchar(255), "lat" float, "lon" float, "created_at" datetime, "updated_at" datetime) [0m
  [1m[35mSQL (0.0ms)[0m  INSERT INTO "schema_migrations" ("version") VALUES ('20110213212020')
  [1m[36mSQL (0.0ms)[0m  [1m SELECT name
 FROM sqlite_master
 WHERE type = 'table' AND NOT name = 'sqlite_sequence'
[0m
  [1m[35mSQL (0.0ms)[0m  SELECT "schema_migrations"."version" FROM "schema_migrations"
  [1m[36mSQL (0.0ms)[0m  [1m SELECT name
 FROM sqlite_master
 WHERE type = 'table' AND NOT name = 'sqlite_sequence'
[0m
  [1m[35mSQL (0.0ms)[0m  PRAGMA index_list("trucks")
  [1m[36mSQL (0.0ms)[0m  [1m SELECT name
 FROM sqlite_master
 WHERE type = 'table' AND NOT name = 'sqlite_sequence'
[0m
  [1m[35mSQL (0.0ms)[0m   SELECT name
 FROM sqlite_master
 WHERE type = 'table' AND NOT name = 'sqlite_sequence'
  [1m[36mSQL (0.0ms)[0m  [1mSELECT "schema_migrations"."version" FROM "schema_migrations"[0m
  [1m[35mAREL (1.0ms)[0m  INSERT INTO "trucks" ("created_at", "site_url", "updated_at", "lat", "name", "lon") VALUES ('2011-02-13 21:25:49.664857', 'http://www.olin.edu', '2011-02-13 21:25:49.664857', 42.291444, 'Olin Truck', -71.2640769)
  [1m[36mTruck Load (0.0ms)[0m  [1mSELECT "trucks".* FROM "trucks"[0m
  [1m[36mSQL (1.0ms)[0m  [1m SELECT name
 FROM sqlite_master
 WHERE type = 'table' AND NOT name = 'sqlite_sequence'
[0m
  [1m[35mSQL (1.0ms)[0m   SELECT name
 FROM sqlite_master
 WHERE type = 'table' AND NOT name = 'sqlite_sequence'
  [1m[36mSQL (0.0ms)[0m  [1mSELECT "schema_migrations"."version" FROM "schema_migrations"[0m
  [1m[35mAREL (2.0ms)[0m  INSERT INTO "trucks" ("name", "lat", "created_at", "updated_at", "site_url", "lon") VALUES ('Olin Truck', 42.291444, '2011-02-13 21:29:27.695899', '2011-02-13 21:29:27.695899', 'http://www.olin.edu', -71.2640769)
  [1m[36mAREL (2.0ms)[0m  [1mINSERT INTO "trucks" ("name", "lat", "created_at", "updated_at", "site_url", "lon") VALUES ('Babson Truck', 42.2969514, '2011-02-13 21:29:27.904911', '2011-02-13 21:29:27.904911', 'http://www.babson.edu', -71.2652577)[0m
  [1m[35mAREL (1.0ms)[0m  INSERT INTO "trucks" ("name", "lat", "created_at", "updated_at", "site_url", "lon") VALUES ('Wellesley Truck', 42.293405, '2011-02-13 21:29:28.003917', '2011-02-13 21:29:28.003917', 'http://www.wellesley.edu', -71.3067231)
  [1m[36mAREL (1.0ms)[0m  [1mINSERT INTO "trucks" ("name", "lat", "created_at", "updated_at", "site_url", "lon") VALUES ('MIT Truck', 42.3597957, '2011-02-13 21:29:28.104922', '2011-02-13 21:29:28.104922', 'http://www.mit.edu', -71.0944908)[0m
  [1m[35mTruck Load (34.0ms)[0m  SELECT "trucks".* FROM "trucks"


Started GET "/trucks/locate" for 127.0.0.1 at Sun Feb 13 16:48:38 -0500 2011
  Processing by TrucksController#locate as HTML
  [1m[36mTruck Load (1.0ms)[0m  [1mSELECT "trucks".* FROM "trucks"[0m
Rendered trucks/locate.html.erb within layouts/application (105.0ms)
Completed 200 OK in 129ms (Views: 128.0ms | ActiveRecord: 1.0ms)


Started GET "/trucks/locate" for 127.0.0.1 at Sun Feb 13 16:49:44 -0500 2011
  Processing by TrucksController#locate as HTML
  [1m[35mTruck Load (0.0ms)[0m  SELECT "trucks".* FROM "trucks"
Rendered trucks/locate.html.erb within layouts/application (22.0ms)
Completed 200 OK in 47ms (Views: 46.0ms | ActiveRecord: 0.0ms)


Started GET "/trucks/locate" for 127.0.0.1 at Sun Feb 13 16:57:08 -0500 2011
  Processing by TrucksController#locate as HTML
  [1m[36mTruck Load (1.0ms)[0m  [1mSELECT "trucks".* FROM "trucks"[0m
Rendered trucks/locate.html.erb within layouts/application (23.0ms)
Completed 200 OK in 47ms (Views: 46.0ms | ActiveRecord: 1.0ms)


Started GET "/trucks/locate" for 127.0.0.1 at Sun Feb 13 16:57:49 -0500 2011
  Processing by TrucksController#locate as HTML
  [1m[35mTruck Load (1.0ms)[0m  SELECT "trucks".* FROM "trucks"
Rendered trucks/locate.html.erb within layouts/application (27.0ms)
Completed 200 OK in 51ms (Views: 49.0ms | ActiveRecord: 1.0ms)
  [1m[36mTruck Load (0.0ms)[0m  [1mSELECT "trucks".* FROM "trucks"[0m
  [1m[35mSQL (0.0ms)[0m   SELECT name
 FROM sqlite_master
 WHERE type = 'table' AND NOT name = 'sqlite_sequence'
  [1m[36mTruck Load (1.0ms)[0m  [1mSELECT "trucks".* FROM "trucks" WHERE ("trucks"."id" = 2) LIMIT 1[0m
  [1m[35mAREL (2.0ms)[0m  DELETE FROM "trucks" WHERE ("trucks"."id" = 2)


Started GET "/trucks/locate" for 127.0.0.1 at Sun Feb 13 16:58:32 -0500 2011
  Processing by TrucksController#locate as HTML
  [1m[36mTruck Load (1.0ms)[0m  [1mSELECT "trucks".* FROM "trucks"[0m
Rendered trucks/locate.html.erb within layouts/application (24.0ms)
Completed 200 OK in 50ms (Views: 49.0ms | ActiveRecord: 1.0ms)


Started GET "/trucks/locate" for 127.0.0.1 at Sun Feb 13 17:00:17 -0500 2011
  Processing by TrucksController#locate as HTML
  [1m[35mTruck Load (1.0ms)[0m  SELECT "trucks".* FROM "trucks"
Rendered trucks/locate.html.erb within layouts/application (16.0ms)
Completed 200 OK in 40ms (Views: 38.0ms | ActiveRecord: 1.0ms)


Started GET "/trucks/locate" for 127.0.0.1 at Sun Feb 13 17:00:28 -0500 2011
  Processing by TrucksController#locate as HTML
  [1m[36mTruck Load (1.0ms)[0m  [1mSELECT "trucks".* FROM "trucks"[0m
Rendered trucks/locate.html.erb within layouts/application (17.0ms)
Completed 200 OK in 42ms (Views: 40.0ms | ActiveRecord: 1.0ms)


Started GET "/trucks/locate" for 127.0.0.1 at Sun Feb 13 17:01:44 -0500 2011
  Processing by TrucksController#locate as HTML
Completed   in 2ms

NoMethodError (undefined method `find_within' for #<TrucksController:0x80a4140>):
  app/controllers/trucks_controller.rb:9:in `locate'

Rendered C:/Ruby187/lib/ruby/gems/1.8/gems/actionpack-3.0.3/lib/action_dispatch/middleware/templates/rescues/_trace.erb (1.0ms)
Rendered C:/Ruby187/lib/ruby/gems/1.8/gems/actionpack-3.0.3/lib/action_dispatch/middleware/templates/rescues/_request_and_response.erb (5.0ms)
Rendered C:/Ruby187/lib/ruby/gems/1.8/gems/actionpack-3.0.3/lib/action_dispatch/middleware/templates/rescues/diagnostics.erb within rescues/layout (44.0ms)


Started GET "/trucks/locate" for 127.0.0.1 at Sun Feb 13 17:02:44 -0500 2011
  Processing by TrucksController#locate as HTML
  [1m[35mTruck Load (1.0ms)[0m  SELECT "trucks".* FROM "trucks"
Completed   in 8ms

NoMethodError (undefined method `/' for nil:NilClass):
  app/controllers/application_controller.rb:17:in `dist_between'
  app/controllers/application_controller.rb:10:in `find_within'
  app/controllers/application_controller.rb:9:in `each'
  app/controllers/application_controller.rb:9:in `find_within'
  app/controllers/trucks_controller.rb:9:in `locate'

Rendered C:/Ruby187/lib/ruby/gems/1.8/gems/actionpack-3.0.3/lib/action_dispatch/middleware/templates/rescues/_trace.erb (1.0ms)
Rendered C:/Ruby187/lib/ruby/gems/1.8/gems/actionpack-3.0.3/lib/action_dispatch/middleware/templates/rescues/_request_and_response.erb (5.0ms)
Rendered C:/Ruby187/lib/ruby/gems/1.8/gems/actionpack-3.0.3/lib/action_dispatch/middleware/templates/rescues/diagnostics.erb within rescues/layout (22.0ms)


Started GET "/trucks/locate?lat=42&lon=20&dist=10000" for 127.0.0.1 at Sun Feb 13 17:03:24 -0500 2011
  Processing by TrucksController#locate as HTML
  Parameters: {"lon"=>"20", "dist"=>"10000", "lat"=>"42"}
  [1m[36mTruck Load (1.0ms)[0m  [1mSELECT "trucks".* FROM "trucks"[0m
Completed   in 9ms

NoMethodError (undefined method `/' for "42":String):
  app/controllers/application_controller.rb:17:in `dist_between'
  app/controllers/application_controller.rb:10:in `find_within'
  app/controllers/application_controller.rb:9:in `each'
  app/controllers/application_controller.rb:9:in `find_within'
  app/controllers/trucks_controller.rb:9:in `locate'

Rendered C:/Ruby187/lib/ruby/gems/1.8/gems/actionpack-3.0.3/lib/action_dispatch/middleware/templates/rescues/_trace.erb (1.0ms)
Rendered C:/Ruby187/lib/ruby/gems/1.8/gems/actionpack-3.0.3/lib/action_dispatch/middleware/templates/rescues/_request_and_response.erb (6.0ms)
Rendered C:/Ruby187/lib/ruby/gems/1.8/gems/actionpack-3.0.3/lib/action_dispatch/middleware/templates/rescues/diagnostics.erb within rescues/layout (24.0ms)


Started GET "/trucks/locate?lat=42&lon=20&dist=10000" for 127.0.0.1 at Sun Feb 13 17:04:02 -0500 2011
  Processing by TrucksController#locate as HTML
  Parameters: {"lon"=>"20", "dist"=>"10000", "lat"=>"42"}
  [1m[35mTruck Load (1.0ms)[0m  SELECT "trucks".* FROM "trucks"
Rendered trucks/locate.html.erb within layouts/application (50.0ms)
Completed 200 OK in 85ms (Views: 75.0ms | ActiveRecord: 1.0ms)
